2018-08-27 19:54:44 ERROR SqlExceptionHelper:146 - ERROR: relation "usnidade" does not exist
  Posição: 146
2018-08-27 19:54:44 ERROR UnidadeDAO:11 - org.hibernate.exception.SQLGrammarException: could not extract ResultSet
2018-08-27 19:54:49 ERROR SqlExceptionHelper:146 - ERROR: relation "usnidade" does not exist
  Posição: 13
2018-08-27 19:54:59 ERROR SqlExceptionHelper:146 - ERROR: relation "usnidade" does not exist
  Posição: 146
2018-08-27 19:54:59 ERROR UnidadeDAO:11 - org.hibernate.exception.SQLGrammarException: could not extract ResultSet
2018-08-27 20:41:22 ERROR SqlExceptionHelper:146 - ERROR: relation "unisdade" does not exist
  Posição: 146
2018-08-27 20:41:22 ERROR UnidadeDAO:11 - org.hibernate.exception.SQLGrammarException: could not extract ResultSet
2018-08-27 20:41:22 ERROR UnidadeDAO:11 - java.lang.NullPointerException
2018-08-27 20:41:24 ERROR SqlExceptionHelper:146 - ERROR: relation "unisdade" does not exist
  Posição: 13
2018-08-27 20:41:24 ERROR UnidadeDAO:11 - org.hibernate.exception.SQLGrammarException: could not execute statement
2018-08-27 20:41:25 ERROR SqlExceptionHelper:146 - ERROR: relation "unisdade" does not exist
  Posição: 146
2018-08-27 20:41:25 ERROR UnidadeDAO:11 - org.hibernate.exception.SQLGrammarException: could not extract ResultSet
2018-08-27 20:41:25 ERROR UnidadeDAO:11 - java.lang.NullPointerException
2018-08-27 20:43:12 ERROR SqlExceptionHelper:146 - ERROR: relation "unisdade" does not exist
  Posição: 146
2018-08-27 20:43:12 ERROR UnidadeDAO:11 - org.hibernate.exception.SQLGrammarException: could not extract ResultSet
2018-08-27 20:43:13 ERROR UnidadeDAO:11 - java.lang.NullPointerException
2018-08-27 20:43:25 ERROR SqlExceptionHelper:146 - ERROR: relation "unisdade" does not exist
  Posição: 13
2018-08-27 20:43:25 ERROR UnidadeDAO:11 - org.hibernate.exception.SQLGrammarException: could not execute statement
2018-08-27 20:43:38 ERROR SqlExceptionHelper:146 - ERROR: relation "unisdade" does not exist
  Posição: 146
2018-08-27 20:43:38 ERROR UnidadeDAO:11 - org.hibernate.exception.SQLGrammarException: could not extract ResultSet
2018-08-27 20:43:38 ERROR UnidadeDAO:11 - java.lang.NullPointerException
2018-08-27 20:45:13 ERROR SqlExceptionHelper:146 - ERROR: relation "unisdade" does not exist
  Posição: 146
2018-08-27 20:45:13 ERROR UnidadeDAO:11 - org.hibernate.exception.SQLGrammarException: could not extract ResultSet
2018-08-27 20:45:13 ERROR UnidadeDAO:11 - java.lang.NullPointerException
2018-08-27 20:45:23 ERROR SqlExceptionHelper:146 - ERROR: relation "unisdade" does not exist
  Posição: 13
2018-08-27 20:45:23 ERROR UnidadeDAO:11 - org.hibernate.exception.SQLGrammarException: could not execute statement
2018-08-27 20:59:50 ERROR ProdutoDAO:11 - java.lang.NullPointerException
2018-08-27 21:00:46 ERROR ProdutoDAO:11 - org.hibernate.MappingException: Named query not known: retorna_descricaocompleta_produto
2018-08-27 21:04:41 ERROR ProdutoDAO:11 - java.lang.NullPointerException
2018-08-27 21:06:58 ERROR ProdutoDAO:11 - java.lang.ClassCastException: java.lang.Integer cannot be cast to java.lang.Long
2018-08-27 21:09:03 ERROR ProdutoDAO:11 - java.lang.ClassCastException: java.lang.String cannot be cast to java.lang.Long
2018-08-30 17:27:37 ERROR SqlExceptionHelper:146 - ERROR: relation "config" does not exist
  Posição: 78
2018-08-30 17:27:37 ERROR ConfiguracoesDAO:11 - org.hibernate.exception.SQLGrammarException: could not extract ResultSet
2018-08-30 17:28:08 ERROR SqlExceptionHelper:146 - ERROR: relation "config" does not exist
  Posição: 78
2018-08-30 17:28:08 ERROR ConfiguracoesDAO:11 - org.hibernate.exception.SQLGrammarException: could not extract ResultSet
2018-08-30 17:28:42 ERROR SqlExceptionHelper:146 - ERROR: relation "config" does not exist
  Posição: 78
2018-08-30 17:28:43 ERROR ConfiguracoesDAO:11 - org.hibernate.exception.SQLGrammarException: could not extract ResultSet
2018-08-30 17:32:47 ERROR SqlExceptionHelper:146 - ERROR: column estado0_.usuariolock does not exist
  Posição: 127
2018-08-30 17:32:47 ERROR EstadoDAO:11 - org.hibernate.exception.SQLGrammarException: could not extract ResultSet
2018-08-30 17:32:47 ERROR EstadoDAO:11 - java.lang.NullPointerException
2018-08-30 17:32:55 ERROR SqlExceptionHelper:146 - ERROR: column "usuariolock" of relation "estado" does not exist
  Posição: 40
2018-08-30 17:32:55 ERROR EstadoDAO:11 - org.hibernate.exception.SQLGrammarException: could not execute statement
2018-08-30 17:35:19 ERROR SqlExceptionHelper:146 - ERROR: duplicate key value violates unique constraint "uk_uf"
  Detalhe: Key (uf)=(RS) already exists.
2018-08-30 17:35:19 ERROR EstadoDAO:11 - org.hibernate.exception.ConstraintViolationException: could not execute statement
2018-08-30 17:46:43 ERROR SqlExceptionHelper:146 - O índice da coluna está fora do intervalo: 2, número de colunas: 1.
2018-08-30 17:46:43 ERROR EstadoDAO:11 - org.hibernate.exception.DataException: error executing work
2018-08-30 17:48:11 ERROR EstadoDAO:11 - java.lang.NullPointerException
2018-08-30 17:49:56 ERROR EstadoDAO:11 - java.lang.NullPointerException
